#-----------------------------------------------------------
# Vivado v2017.4 (64-bit)
# SW Build 2086221 on Fri Dec 15 20:55:39 MST 2017
# IP Build 2085800 on Fri Dec 15 22:25:07 MST 2017
# Start of session at: Thu Apr 19 11:22:56 2018
# Process ID: 10564
# Current directory: C:/Users/Hyder/Documents/UT/SPRING 2018/EE 460M/Lab3/L3_P3
# Command line: vivado.exe -gui_launcher_event rodinguilauncherevent7916 C:\Users\Hyder\Documents\UT\SPRING 2018\EE 460M\Lab3\L3_P3\EE460M_Lab3_P3.xpr
# Log file: C:/Users/Hyder/Documents/UT/SPRING 2018/EE 460M/Lab3/L3_P3/vivado.log
# Journal file: C:/Users/Hyder/Documents/UT/SPRING 2018/EE 460M/Lab3/L3_P3\vivado.jou
#-----------------------------------------------------------
start_gui
open_project {C:/Users/Hyder/Documents/UT/SPRING 2018/EE 460M/Lab3/L3_P3/EE460M_Lab3_P3.xpr}
Scanning sources...
Finished scanning sources
INFO: [IP_Flow 19-234] Refreshing IP repositories
INFO: [IP_Flow 19-1704] No user IP repositories specified
INFO: [IP_Flow 19-2313] Loaded Vivado IP repository 'C:/Xilinx/Vivado/2017.4/data/ip'.
open_project: Time (s): cpu = 00:00:15 ; elapsed = 00:00:08 . Memory (MB): peak = 802.340 ; gain = 101.316
update_compile_order -fileset sources_1
exit
INFO: [Common 17-206] Exiting Vivado at Thu Apr 19 11:44:43 2018...
