Copyright 1986-2017 Xilinx, Inc. All Rights Reserved.
------------------------------------------------------------------------------------------
| Tool Version : Vivado v.2017.4 (win64) Build 2086221 Fri Dec 15 20:55:39 MST 2017
| Date         : Mon Apr 30 19:30:30 2018
| Host         : DESKTOP-DCD94MV running 64-bit major release  (build 9200)
| Command      : report_control_sets -verbose -file Complete_MIPS_control_sets_placed.rpt
| Design       : Complete_MIPS
| Device       : xc7a35t
------------------------------------------------------------------------------------------

Control Set Information

Table of Contents
-----------------
1. Summary
2. Flip-Flop Distribution
3. Detailed Control Set Information

1. Summary
----------

+----------------------------------------------------------+-------+
|                          Status                          | Count |
+----------------------------------------------------------+-------+
| Number of unique control sets                            |    44 |
| Unused register locations in slices containing registers |    39 |
+----------------------------------------------------------+-------+


2. Flip-Flop Distribution
-------------------------

+--------------+-----------------------+------------------------+-----------------+--------------+
| Clock Enable | Synchronous Set/Reset | Asynchronous Set/Reset | Total Registers | Total Slices |
+--------------+-----------------------+------------------------+-----------------+--------------+
| No           | No                    | No                     |              74 |           41 |
| No           | No                    | Yes                    |               0 |            0 |
| No           | Yes                   | No                     |              56 |           14 |
| Yes          | No                    | No                     |            1167 |          526 |
| Yes          | No                    | Yes                    |               0 |            0 |
| Yes          | Yes                   | No                     |              64 |           30 |
+--------------+-----------------------+------------------------+-----------------+--------------+


3. Detailed Control Set Information
-----------------------------------

+----------------+----------------------------------+--------------------------------+------------------+----------------+
|  Clock Signal  |           Enable Signal          |        Set/Reset Signal        | Slice Load Count | Bel Load Count |
+----------------+----------------------------------+--------------------------------+------------------+----------------+
|  clk_div2/CLK  |                                  |                                |                1 |              2 |
|  CLK_IBUF_BUFG |                                  |                                |                2 |              2 |
|  slowCLK_BUFG  | CPU/pc0                          |                                |                5 |              7 |
|  slowCLK_BUFG  | CPU/opsave[5]_i_1_n_0            |                                |                5 |             10 |
|  CLK_IBUF_BUFG |                                  | clk_div1/clear                 |                7 |             28 |
|  CLK_IBUF_BUFG |                                  | clk_div2/counter[0]_i_1__0_n_0 |                7 |             28 |
|  slowCLK_BUFG  | CPU/Register/p_0_in[31]          |                                |               13 |             29 |
|  slowCLK_BUFG  | CPU/Register/REG[11][31]_i_1_n_0 |                                |               12 |             32 |
|  slowCLK_BUFG  | CPU/Register/REG[12][31]_i_1_n_0 |                                |               11 |             32 |
|  slowCLK_BUFG  | CPU/Register/REG[14][31]_i_1_n_0 |                                |               12 |             32 |
|  slowCLK_BUFG  | CPU/Register/REG[15][31]_i_1_n_0 |                                |                8 |             32 |
|  slowCLK_BUFG  | CPU/Register/REG[19][31]_i_1_n_0 |                                |               14 |             32 |
|  slowCLK_BUFG  | CPU/Register/REG[24][31]_i_1_n_0 |                                |               21 |             32 |
|  slowCLK_BUFG  | CPU/Register/REG[25][31]_i_1_n_0 |                                |               11 |             32 |
|  slowCLK_BUFG  | CPU/Register/REG[4][31]_i_1_n_0  |                                |               11 |             32 |
|  slowCLK_BUFG  | CPU/Register/REG[31][31]_i_1_n_0 |                                |               23 |             32 |
|  slowCLK_BUFG  | CPU/Register/REG[2][31]_i_1_n_0  |                                |                8 |             32 |
|  slowCLK_BUFG  | CPU/Register/REG[7][31]_i_1_n_0  |                                |               22 |             32 |
|  slowCLK_BUFG  | CPU/Register/REG[8][31]_i_1_n_0  |                                |               17 |             32 |
|  slowCLK_BUFG  | CPU/Register/REG[21][31]_i_1_n_0 |                                |               17 |             32 |
|  slowCLK_BUFG  | CPU/Register/REG[9][31]_i_1_n_0  |                                |               24 |             32 |
|  slowCLK_BUFG  | CPU/Register/REG[28][31]_i_1_n_0 |                                |               16 |             32 |
|  slowCLK_BUFG  | CPU/Register/REG[17][31]_i_1_n_0 |                                |               11 |             32 |
|  slowCLK_BUFG  | CPU/Register/REG[33][31]_i_1_n_0 |                                |                9 |             32 |
|  slowCLK_BUFG  | CPU/Register/REG[6][31]_i_1_n_0  |                                |               17 |             32 |
|  slowCLK_BUFG  | CPU/Register/REG[22][31]_i_1_n_0 |                                |               15 |             32 |
|  slowCLK_BUFG  | CPU/Register/REG[27][31]_i_1_n_0 |                                |               13 |             32 |
|  slowCLK_BUFG  | CPU/Register/REG[23][31]_i_1_n_0 |                                |               15 |             32 |
|  slowCLK_BUFG  | CPU/Register/REG[30][31]_i_1_n_0 |                                |               20 |             32 |
|  slowCLK_BUFG  | CPU/Register/REG[20][31]_i_1_n_0 |                                |               11 |             32 |
|  slowCLK_BUFG  | CPU/Register/REG[32][31]_i_1_n_0 |                                |               10 |             32 |
|  slowCLK_BUFG  | CPU/Register/REG[5][31]_i_1_n_0  |                                |                8 |             32 |
|  slowCLK_BUFG  | CPU/Register/REG[26][31]_i_1_n_0 |                                |               12 |             32 |
|  slowCLK_BUFG  | CPU/Register/REG[10][31]_i_1_n_0 |                                |               15 |             32 |
|  slowCLK_BUFG  | CPU/alu_result_save[28]_i_1_n_0  |                                |               28 |             32 |
|  slowCLK_BUFG  | CPU/Register/REG[3][31]_i_1_n_0  |                                |               10 |             32 |
|  slowCLK_BUFG  | CPU/Register/REG[18][31]_i_1_n_0 |                                |               10 |             32 |
|  slowCLK_BUFG  | CPU/Register/REG[13][31]_i_1_n_0 |                                |               10 |             32 |
|  slowCLK_BUFG  | CPU/Register/REG[16][31]_i_1_n_0 |                                |               13 |             32 |
|  slowCLK_BUFG  | CPU/Register/REG[0][31]_i_1_n_0  |                                |               16 |             32 |
|  slowCLK_BUFG  | CPU/Register/REG[29][31]_i_1_n_0 |                                |               14 |             32 |
|  slowCLK_BUFG  | CPU/instr[31]_i_1_n_0            |                                |               19 |             33 |
|  slowCLK_BUFG  | CPU/alu_result_save[28]_i_1_n_0  | CPU/mlo_save[31]_i_1_n_0       |               30 |             64 |
|  slowCLK_BUFG  |                                  |                                |               38 |             70 |
+----------------+----------------------------------+--------------------------------+------------------+----------------+


+--------+-----------------------+
| Fanout | Number of ControlSets |
+--------+-----------------------+
| 2      |                     2 |
| 7      |                     1 |
| 10     |                     1 |
| 16+    |                    40 |
+--------+-----------------------+


