#-----------------------------------------------------------
# Vivado v2017.4 (64-bit)
# SW Build 2086221 on Fri Dec 15 20:55:39 MST 2017
# IP Build 2085800 on Fri Dec 15 22:25:07 MST 2017
# Start of session at: Sun Apr 29 00:53:49 2018
# Process ID: 15692
# Current directory: C:/Users/Hyder/Documents/UT/SPRING 2018/EE 460M/Lab7/EE460M_Lab7B
# Command line: vivado.exe -gui_launcher_event rodinguilauncherevent4476 C:\Users\Hyder\Documents\UT\SPRING 2018\EE 460M\Lab7\EE460M_Lab7B\EE460M_Lab7B.xpr
# Log file: C:/Users/Hyder/Documents/UT/SPRING 2018/EE 460M/Lab7/EE460M_Lab7B/vivado.log
# Journal file: C:/Users/Hyder/Documents/UT/SPRING 2018/EE 460M/Lab7/EE460M_Lab7B\vivado.jou
#-----------------------------------------------------------
start_gui
open_project {C:/Users/Hyder/Documents/UT/SPRING 2018/EE 460M/Lab7/EE460M_Lab7B/EE460M_Lab7B.xpr}
Scanning sources...
Finished scanning sources
INFO: [IP_Flow 19-234] Refreshing IP repositories
INFO: [IP_Flow 19-1704] No user IP repositories specified
INFO: [IP_Flow 19-2313] Loaded Vivado IP repository 'C:/Xilinx/Vivado/2017.4/data/ip'.
open_project: Time (s): cpu = 00:00:15 ; elapsed = 00:00:08 . Memory (MB): peak = 809.047 ; gain = 133.199
update_compile_order -fileset sources_1
exit
INFO: [Common 17-206] Exiting Vivado at Sun Apr 29 00:54:39 2018...
