#-----------------------------------------------------------
# Vivado v2019.1 (64-bit)
# SW Build 2552052 on Fri May 24 14:49:42 MDT 2019
# IP Build 2548770 on Fri May 24 18:01:18 MDT 2019
# Start of session at: Wed Jun 26 15:12:34 2019
# Process ID: 6528
# Current directory: D:/UT/SPRING 2018/EE 460M/Lab7/EE460M_Lab7
# Command line: vivado.exe -gui_launcher_event rodinguilauncherevent26756 D:\UT\SPRING 2018\EE 460M\Lab7\EE460M_Lab7\EE460M_Lab7.xpr
# Log file: D:/UT/SPRING 2018/EE 460M/Lab7/EE460M_Lab7/vivado.log
# Journal file: D:/UT/SPRING 2018/EE 460M/Lab7/EE460M_Lab7\vivado.jou
#-----------------------------------------------------------
start_gui
open_project {D:/UT/SPRING 2018/EE 460M/Lab7/EE460M_Lab7/EE460M_Lab7.xpr}
INFO: [Project 1-313] Project file moved from 'C:/Users/Hyder/Documents/UT/SPRING 2018/EE 460M/Lab7/EE460M_Lab7' since last save.
Scanning sources...
Finished scanning sources
INFO: [Project 1-230] Project 'EE460M_Lab7.xpr' upgraded for this version of Vivado.
INFO: [IP_Flow 19-234] Refreshing IP repositories
INFO: [IP_Flow 19-1704] No user IP repositories specified
INFO: [IP_Flow 19-2313] Loaded Vivado IP repository 'D:/Xilinx_Vivado/Vivado/2019.1/data/ip'.
update_compile_order -fileset sources_1
exit
INFO: [Common 17-206] Exiting Vivado at Wed Jun 26 16:13:22 2019...
