#-----------------------------------------------------------
# Vivado v2016.4 (64-bit)
# SW Build 1756540 on Mon Jan 23 19:11:23 MST 2017
# IP Build 1755317 on Mon Jan 23 20:30:07 MST 2017
# Start of session at: Tue Feb 20 14:50:51 2018
# Process ID: 13264
# Current directory: C:/Users/Hyder/Documents/UT/SPRING 2018/EE 460M/Lab1/Lab1_P3
# Command line: vivado.exe -gui_launcher_event rodinguilauncherevent17888 C:\Users\Hyder\Documents\UT\SPRING 2018\EE 460M\Lab1\Lab1_P3\460M_L1_P3.xpr
# Log file: C:/Users/Hyder/Documents/UT/SPRING 2018/EE 460M/Lab1/Lab1_P3/vivado.log
# Journal file: C:/Users/Hyder/Documents/UT/SPRING 2018/EE 460M/Lab1/Lab1_P3\vivado.jou
#-----------------------------------------------------------
start_gui
open_project {C:/Users/Hyder/Documents/UT/SPRING 2018/EE 460M/Lab1/Lab1_P3/460M_L1_P3.xpr}
Scanning sources...
Finished scanning sources
INFO: [IP_Flow 19-234] Refreshing IP repositories
INFO: [IP_Flow 19-1704] No user IP repositories specified
INFO: [IP_Flow 19-2313] Loaded Vivado IP repository 'C:/Xilinx/Vivado/2016.4/data/ip'.
open_project: Time (s): cpu = 00:00:11 ; elapsed = 00:00:06 . Memory (MB): peak = 752.777 ; gain = 103.465
exit
INFO: [Common 17-206] Exiting Vivado at Tue Feb 20 15:47:24 2018...
