#-----------------------------------------------------------
# Vivado v2016.4 (64-bit)
# SW Build 1756540 on Mon Jan 23 19:11:23 MST 2017
# IP Build 1755317 on Mon Jan 23 20:30:07 MST 2017
# Start of session at: Tue Feb 13 21:36:47 2018
# Process ID: 9192
# Current directory: C:/Users/Hyder/Documents/UT/SPRING 2018/EE 460M/Lab1/Lab1_P3
# Command line: vivado.exe -gui_launcher_event rodinguilauncherevent16080 C:\Users\Hyder\Documents\UT\SPRING 2018\EE 460M\Lab1\Lab1_P3\460M_L1_P3.xpr
# Log file: C:/Users/Hyder/Documents/UT/SPRING 2018/EE 460M/Lab1/Lab1_P3/vivado.log
# Journal file: C:/Users/Hyder/Documents/UT/SPRING 2018/EE 460M/Lab1/Lab1_P3\vivado.jou
#-----------------------------------------------------------
start_gui
open_project {C:/Users/Hyder/Documents/UT/SPRING 2018/EE 460M/Lab1/Lab1_P3/460M_L1_P3.xpr}
Scanning sources...
Finished scanning sources
INFO: [IP_Flow 19-234] Refreshing IP repositories
INFO: [IP_Flow 19-1704] No user IP repositories specified
INFO: [IP_Flow 19-2313] Loaded Vivado IP repository 'C:/Xilinx/Vivado/2016.4/data/ip'.
open_project: Time (s): cpu = 00:00:12 ; elapsed = 00:00:11 . Memory (MB): peak = 712.836 ; gain = 117.566
reset_run synth_1
launch_runs impl_1 -to_step write_bitstream -jobs 2
[Tue Feb 13 21:37:59 2018] Launched synth_1...
Run output will be captured here: C:/Users/Hyder/Documents/UT/SPRING 2018/EE 460M/Lab1/Lab1_P3/460M_L1_P3.runs/synth_1/runme.log
[Tue Feb 13 21:37:59 2018] Launched impl_1...
Run output will be captured here: C:/Users/Hyder/Documents/UT/SPRING 2018/EE 460M/Lab1/Lab1_P3/460M_L1_P3.runs/impl_1/runme.log
exit
INFO: [Common 17-206] Exiting Vivado at Tue Feb 13 21:43:47 2018...
