#-----------------------------------------------------------
# Vivado v2016.4 (64-bit)
# SW Build 1756540 on Mon Jan 23 19:11:23 MST 2017
# IP Build 1755317 on Mon Jan 23 20:30:07 MST 2017
# Start of session at: Thu Mar 08 13:09:04 2018
# Process ID: 5352
# Current directory: C:/Users/Hyder/Documents/UT/SPRING 2018/EE 460M/Lab2/L2 Vivado
# Command line: vivado.exe -gui_launcher_event rodinguilauncherevent15200 C:\Users\Hyder\Documents\UT\SPRING 2018\EE 460M\Lab2\L2 Vivado\EE460M_L2_P3.xpr
# Log file: C:/Users/Hyder/Documents/UT/SPRING 2018/EE 460M/Lab2/L2 Vivado/vivado.log
# Journal file: C:/Users/Hyder/Documents/UT/SPRING 2018/EE 460M/Lab2/L2 Vivado\vivado.jou
#-----------------------------------------------------------
start_gui
open_project {C:/Users/Hyder/Documents/UT/SPRING 2018/EE 460M/Lab2/L2 Vivado/EE460M_L2_P3.xpr}
Scanning sources...
Finished scanning sources
INFO: [IP_Flow 19-234] Refreshing IP repositories
INFO: [IP_Flow 19-1704] No user IP repositories specified
INFO: [IP_Flow 19-2313] Loaded Vivado IP repository 'C:/Xilinx/Vivado/2016.4/data/ip'.
exit
INFO: [Common 17-206] Exiting Vivado at Thu Mar 08 13:10:22 2018...
